Project created on Sun May 17 2020, 21:17:02 GMT+0530 (India Standard Time)

 Info | datasourceDB | init | Sun May 17 2020, 21:17:02 GMT+0530 (India Standard Time) | Data source DB initialized
 Info | dsActionsDB | init | Sun May 17 2020, 21:17:02 GMT+0530 (India Standard Time) | Data source actions DB initialized
 Info | dsAttributesDB | init | Sun May 17 2020, 21:17:02 GMT+0530 (India Standard Time) | Data source attributes DB initialized
 Info | dsActionsMoreDB | init | Sun May 17 2020, 21:17:02 GMT+0530 (India Standard Time) | Data source actions More DB Initialized
 Info | appDB | init | Sun May 17 2020, 21:17:02 GMT+0530 (India Standard Time) | App DB initialized
 Info | settingsDB | init | Sun May 17 2020, 21:17:02 GMT+0530 (India Standard Time) | SettingsDB initialized
Success | projectHandler | createReactNativeProject | Sun May 17 2020, 21:17:02 GMT+0530 (India Standard Time) | Initialized all the DB's
 Info | projectHandler | createReactNativeProject | Sun May 17 2020, 21:19:53 GMT+0530 (India Standard Time) |                                                           
               ######                ######               
             ###     ####        ####     ###             
            ##          ###    ###          ##            
            ##             ####             ##            
            ##             ####             ##            
            ##           ##    ##           ##            
            ##         ###      ###         ##            
             ##  ########################  ##             
          ######    ###            ###    ######          
      ###     ##    ##              ##    ##     ###      
   ###         ## ###      ####      ### ##         ###   
  ##           ####      ########      ####           ##  
 ##             ###     ##########     ###             ## 
  ##           ####      ########      ####           ##  
   ###         ## ###      ####      ### ##         ###   
      ###     ##    ##              ##    ##     ###      
          ######    ###            ###    ######          
             ##  ########################  ##             
            ##         ###      ###         ##            
            ##           ##    ##           ##            
            ##             ####             ##            
            ##             ####             ##            
            ##          ###    ###          ##            
             ###     ####        ####     ###             
               ######                ######               
                                                          

                  Welcome to React Native!                
                 Learn once, write anywhere               


 Error | projectHandler | createReactNativeProject | Sun May 17 2020, 21:19:53 GMT+0530 (India Standard Time) | - Downloading template

Error
    at http://localhost:1212/dist/renderer.dev.js:157325:28
    at validateData (http://localhost:1212/dist/renderer.dev.js:157282:10)
    at Object.error (http://localhost:1212/dist/renderer.dev.js:157322:5)
    at Socket.<anonymous> (http://localhost:1212/dist/renderer.dev.js:19048:37)
    at Socket.emit (events.js:208:15)
    at addChunk (_stream_readable.js:295:12)
    at readableAddChunk (_stream_readable.js:272:13)
    at Socket.Readable.push (_stream_readable.js:210:10)
    at Pipe.onStreamRead (internal/stream_base_commons.js:166:17) Error | projectHandler | createReactNativeProject | Sun May 17 2020, 21:19:59 GMT+0530 (India Standard Time) | ✔ Downloading template

Error
    at http://localhost:1212/dist/renderer.dev.js:157325:28
    at validateData (http://localhost:1212/dist/renderer.dev.js:157282:10)
    at Object.error (http://localhost:1212/dist/renderer.dev.js:157322:5)
    at Socket.<anonymous> (http://localhost:1212/dist/renderer.dev.js:19048:37)
    at Socket.emit (events.js:208:15)
    at addChunk (_stream_readable.js:295:12)
    at readableAddChunk (_stream_readable.js:272:13)
    at Socket.Readable.push (_stream_readable.js:210:10)
    at Pipe.onStreamRead (internal/stream_base_commons.js:166:17) Error | projectHandler | createReactNativeProject | Sun May 17 2020, 21:19:59 GMT+0530 (India Standard Time) | - Copying template
✔ Copying template
- Processing template
✔ Processing template
- Installing dependencies

Error
    at http://localhost:1212/dist/renderer.dev.js:157325:28
    at validateData (http://localhost:1212/dist/renderer.dev.js:157282:10)
    at Object.error (http://localhost:1212/dist/renderer.dev.js:157322:5)
    at Socket.<anonymous> (http://localhost:1212/dist/renderer.dev.js:19048:37)
    at Socket.emit (events.js:208:15)
    at addChunk (_stream_readable.js:295:12)
    at readableAddChunk (_stream_readable.js:272:13)
    at Socket.Readable.push (_stream_readable.js:210:10)
    at Pipe.onStreamRead (internal/stream_base_commons.js:166:17) Error | projectHandler | createReactNativeProject | Sun May 17 2020, 21:22:32 GMT+0530 (India Standard Time) | - Installing CocoaPods dependencies (this may take a few minutes)

Error
    at http://localhost:1212/dist/renderer.dev.js:157325:28
    at validateData (http://localhost:1212/dist/renderer.dev.js:157282:10)
    at Object.error (http://localhost:1212/dist/renderer.dev.js:157322:5)
    at Socket.<anonymous> (http://localhost:1212/dist/renderer.dev.js:19048:37)
    at Socket.emit (events.js:208:15)
    at addChunk (_stream_readable.js:295:12)
    at readableAddChunk (_stream_readable.js:272:13)
    at Socket.Readable.push (_stream_readable.js:210:10)
    at Pipe.onStreamRead (internal/stream_base_commons.js:166:17) Error | projectHandler | createReactNativeProject | Sun May 17 2020, 21:23:00 GMT+0530 (India Standard Time) | ✔ Installing CocoaPods dependencies (this may take a few minutes)

Error
    at http://localhost:1212/dist/renderer.dev.js:157325:28
    at validateData (http://localhost:1212/dist/renderer.dev.js:157282:10)
    at Object.error (http://localhost:1212/dist/renderer.dev.js:157322:5)
    at Socket.<anonymous> (http://localhost:1212/dist/renderer.dev.js:19048:37)
    at Socket.emit (events.js:208:15)
    at addChunk (_stream_readable.js:295:12)
    at readableAddChunk (_stream_readable.js:272:13)
    at Socket.Readable.push (_stream_readable.js:210:10)
    at Pipe.onStreamRead (internal/stream_base_commons.js:166:17) Info | projectHandler | createReactNativeProject | Sun May 17 2020, 21:23:00 GMT+0530 (India Standard Time) | 
  Run instructions for iOS:
    • cd "/Users/afrinmehboobkatageri/Desktop/rTabsDemo/reactnative/rTabsDemo" && npx react-native run-ios
    - or -
    • Open rTabsDemo/ios/rTabsDemo.xcworkspace in Xcode or run "xed -b ios"
    • Hit the Run button

  Run instructions for Android:
    • Have an Android emulator running (quickest way to get started), or a device connected.
    • cd "/Users/afrinmehboobkatageri/Desktop/rTabsDemo/reactnative/rTabsDemo" && npx react-native run-android


 Info | projectHandler | createReactNativeProject | Sun May 17 2020, 21:23:08 GMT+0530 (India Standard Time) | Attempting to create app on server
 Info | projectHandler | createReactNativeProject | Sun May 17 2020, 21:23:08 GMT+0530 (India Standard Time) | Attempting to run pod install for ios project
 Error | projectHandler | createReactNativeProject | Sun May 17 2020, 21:23:08 GMT+0530 (India Standard Time) | /System/Library/Frameworks/Ruby.framework/Versions/2.6/usr/lib/ruby/2.6.0/universal-darwin19/rbconfig.rb:229: warning: Insecure world writable dir /Users/afrinmehboobkatageri/Library in PATH, mode 040707

Error
    at http://localhost:1212/dist/renderer.dev.js:157325:28
    at validateData (http://localhost:1212/dist/renderer.dev.js:157282:10)
    at Object.error (http://localhost:1212/dist/renderer.dev.js:157322:5)
    at Socket.<anonymous> (http://localhost:1212/dist/renderer.dev.js:19090:45)
    at Socket.emit (events.js:208:15)
    at addChunk (_stream_readable.js:295:12)
    at readableAddChunk (_stream_readable.js:272:13)
    at Socket.Readable.push (_stream_readable.js:210:10)
    at Pipe.onStreamRead (internal/stream_base_commons.js:166:17)Success | CreatingAppActions | createNewAppOnServer | Sun May 17 2020, 21:23:12 GMT+0530 (India Standard Time) | App created on the server successfully for 'android' platform
Success | CreatingAppActions | createNewAppOnServer | Sun May 17 2020, 21:23:12 GMT+0530 (India Standard Time) | App created on the server successfully for 'ios' platform
 Info | projectHandler | createReactNativeProject | Sun May 17 2020, 21:23:12 GMT+0530 (India Standard Time) | Detected React Native module pods for RNCMaskedView, RNGestureHandler, RNReanimated, RNScreens, react-native-ibm-mobilefirst, and react-native-safe-area-context
Analyzing dependencies

 Info | ImportExportConfig | exportAppConfiguration | Sun May 17 2020, 21:23:12 GMT+0530 (India Standard Time) | Exported project configuration successfully
 Info | ImportExportConfig | exportAppConfiguration | Sun May 17 2020, 21:23:12 GMT+0530 (India Standard Time) | Exported project configuration successfully
 Info | projectHandler | createReactNativeProject | Sun May 17 2020, 21:23:16 GMT+0530 (India Standard Time) | Downloading dependencies
Generating Pods project
Integrating client project
Pod installation complete! There are 34 dependencies from the Podfile and 33 total pods installed.

Success | projectHandler | createReactNativeProject | Sun May 17 2020, 21:23:16 GMT+0530 (India Standard Time) | All done! You are ready to rock and roll
 Info | projectHandler | loadProjectDatabase | Sun May 17 2020, 23:19:15 GMT+0530 (India Standard Time) | Initializing DBs for workspace  /Users/afrinmehboobkatageri/Desktop/rTabsDemo
 Info | datasourceDB | init | Sun May 17 2020, 23:19:15 GMT+0530 (India Standard Time) | Data source DB initialized
 Info | dsActionsDB | init | Sun May 17 2020, 23:19:15 GMT+0530 (India Standard Time) | Data source actions DB initialized
 Info | dsAttributesDB | init | Sun May 17 2020, 23:19:15 GMT+0530 (India Standard Time) | Data source attributes DB initialized
 Info | dsActionsMoreDB | init | Sun May 17 2020, 23:19:15 GMT+0530 (India Standard Time) | Data source actions More DB Initialized
 Info | appDB | init | Sun May 17 2020, 23:19:15 GMT+0530 (India Standard Time) | App DB initialized
 Info | settingsDB | init | Sun May 17 2020, 23:19:15 GMT+0530 (India Standard Time) | SettingsDB initialized
Success | projectHandler | loadProjectDatabase | Sun May 17 2020, 23:19:15 GMT+0530 (India Standard Time) | Initialized all the DBs
 Info | projectHandler | loadProjectDatabase | Sun May 17 2020, 23:19:17 GMT+0530 (India Standard Time) | Initializing DBs for workspace  /Users/afrinmehboobkatageri/Desktop/rTabsDemo
 Info | datasourceDB | init | Sun May 17 2020, 23:19:17 GMT+0530 (India Standard Time) | Data source DB initialized
 Info | dsActionsDB | init | Sun May 17 2020, 23:19:17 GMT+0530 (India Standard Time) | Data source actions DB initialized
 Info | dsAttributesDB | init | Sun May 17 2020, 23:19:17 GMT+0530 (India Standard Time) | Data source attributes DB initialized
 Info | dsActionsMoreDB | init | Sun May 17 2020, 23:19:18 GMT+0530 (India Standard Time) | Data source actions More DB Initialized
 Info | appDB | init | Sun May 17 2020, 23:19:18 GMT+0530 (India Standard Time) | App DB initialized
 Info | settingsDB | init | Sun May 17 2020, 23:19:18 GMT+0530 (India Standard Time) | SettingsDB initialized
Success | projectHandler | loadProjectDatabase | Sun May 17 2020, 23:19:18 GMT+0530 (India Standard Time) | Initialized all the DBs
 Info | ImportExportConfig | importConfiguration | Sun May 17 2020, 23:19:49 GMT+0530 (India Standard Time) | Imported project configuration successfully
 Info | ImportExportConfig | importConfiguration | Sun May 17 2020, 23:19:49 GMT+0530 (India Standard Time) | Imported project configuration successfully
 Info | projectHandler | loadProjectDatabase | Sun May 17 2020, 23:21:46 GMT+0530 (India Standard Time) | Initializing DBs for workspace  /Users/afrinmehboobkatageri/Desktop/rTabsDemo
 Info | datasourceDB | init | Sun May 17 2020, 23:21:46 GMT+0530 (India Standard Time) | Data source DB initialized
 Info | dsActionsDB | init | Sun May 17 2020, 23:21:46 GMT+0530 (India Standard Time) | Data source actions DB initialized
 Info | dsAttributesDB | init | Sun May 17 2020, 23:21:46 GMT+0530 (India Standard Time) | Data source attributes DB initialized
 Info | dsActionsMoreDB | init | Sun May 17 2020, 23:21:46 GMT+0530 (India Standard Time) | Data source actions More DB Initialized
 Info | appDB | init | Sun May 17 2020, 23:21:46 GMT+0530 (India Standard Time) | App DB initialized
 Info | settingsDB | init | Sun May 17 2020, 23:21:46 GMT+0530 (India Standard Time) | SettingsDB initialized
Success | projectHandler | loadProjectDatabase | Sun May 17 2020, 23:21:46 GMT+0530 (India Standard Time) | Initialized all the DBs
 Error | IonicTopBar | runApp | Sun May 17 2020, 23:22:16 GMT+0530 (India Standard Time) | error Could not find the following native modules: RNVectorIcons. Did you forget to run "pod install" ?

Error
    at http://localhost:1212/dist/renderer.dev.js:157325:28
    at validateData (http://localhost:1212/dist/renderer.dev.js:157282:10)
    at Object.error (http://localhost:1212/dist/renderer.dev.js:157322:5)
    at Socket.<anonymous> (http://localhost:1212/dist/renderer.dev.js:84634:31)
    at Socket.emit (events.js:208:15)
    at addChunk (_stream_readable.js:295:12)
    at readableAddChunk (_stream_readable.js:272:13)
    at Socket.Readable.push (_stream_readable.js:210:10)
    at Pipe.onStreamRead (internal/stream_base_commons.js:166:17) Info | IonicTopBar | runApp | Sun May 17 2020, 23:22:16 GMT+0530 (India Standard Time) | info Found Xcode workspace "rTabsDemo.xcworkspace"

 Info | IonicTopBar | runApp | Sun May 17 2020, 23:22:20 GMT+0530 (India Standard Time) | info Launching iPhone 11 (iOS 13.3)

 Info | ImportExportConfig | importConfiguration | Sun May 17 2020, 23:22:20 GMT+0530 (India Standard Time) | Imported project configuration successfully
 Info | IonicTopBar | runApp | Sun May 17 2020, 23:22:34 GMT+0530 (India Standard Time) | info Building (using "xcodebuild -workspace rTabsDemo.xcworkspace -configuration Debug -scheme rTabsDemo -destination id=159A6E50-51F4-494C-9401-1F74220B4DDA")

 Info | IonicTopBar | runApp | Sun May 17 2020, 23:22:42 GMT+0530 (India Standard Time) | .
 Info | IonicTopBar | runApp | Sun May 17 2020, 23:22:42 GMT+0530 (India Standard Time) | .
 Info | IonicTopBar | runApp | Sun May 17 2020, 23:22:43 GMT+0530 (India Standard Time) | .
 Info | IonicTopBar | runApp | Sun May 17 2020, 23:22:45 GMT+0530 (India Standard Time) | .
 Info | IonicTopBar | runApp | Sun May 17 2020, 23:22:45 GMT+0530 (India Standard Time) | .........
 Info | IonicTopBar | runApp | Sun May 17 2020, 23:22:45 GMT+0530 (India Standard Time) | .
 Info | IonicTopBar | runApp | Sun May 17 2020, 23:22:45 GMT+0530 (India Standard Time) | .........
 Info | IonicTopBar | runApp | Sun May 17 2020, 23:22:45 GMT+0530 (India Standard Time) | ..
 Info | IonicTopBar | runApp | Sun May 17 2020, 23:22:46 GMT+0530 (India Standard Time) | .
 Info | IonicTopBar | runApp | Sun May 17 2020, 23:22:46 GMT+0530 (India Standard Time) | .........
 Info | IonicTopBar | runApp | Sun May 17 2020, 23:22:49 GMT+0530 (India Standard Time) | .
 Info | IonicTopBar | runApp | Sun May 17 2020, 23:22:49 GMT+0530 (India Standard Time) | .
 Info | IonicTopBar | runApp | Sun May 17 2020, 23:22:49 GMT+0530 (India Standard Time) | .
 Info | IonicTopBar | runApp | Sun May 17 2020, 23:22:51 GMT+0530 (India Standard Time) | ........
 Info | IonicTopBar | runApp | Sun May 17 2020, 23:22:51 GMT+0530 (India Standard Time) | .
 Info | IonicTopBar | runApp | Sun May 17 2020, 23:22:53 GMT+0530 (India Standard Time) | .
 Info | IonicTopBar | runApp | Sun May 17 2020, 23:22:53 GMT+0530 (India Standard Time) | .
 Info | IonicTopBar | runApp | Sun May 17 2020, 23:22:53 GMT+0530 (India Standard Time) | .
 Info | IonicTopBar | runApp | Sun May 17 2020, 23:22:53 GMT+0530 (India Standard Time) | .
 Info | IonicTopBar | runApp | Sun May 17 2020, 23:22:54 GMT+0530 (India Standard Time) | ..
 Info | IonicTopBar | runApp | Sun May 17 2020, 23:22:54 GMT+0530 (India Standard Time) | .
 Info | IonicTopBar | runApp | Sun May 17 2020, 23:22:55 GMT+0530 (India Standard Time) | ...
 Info | IonicTopBar | runApp | Sun May 17 2020, 23:22:55 GMT+0530 (India Standard Time) | ..........
 Info | IonicTopBar | runApp | Sun May 17 2020, 23:22:55 GMT+0530 (India Standard Time) | ..
 Info | IonicTopBar | runApp | Sun May 17 2020, 23:22:56 GMT+0530 (India Standard Time) | .
 Info | IonicTopBar | runApp | Sun May 17 2020, 23:22:56 GMT+0530 (India Standard Time) | .
 Info | IonicTopBar | runApp | Sun May 17 2020, 23:22:56 GMT+0530 (India Standard Time) | .
 Info | IonicTopBar | runApp | Sun May 17 2020, 23:22:56 GMT+0530 (India Standard Time) | .
 Info | IonicTopBar | runApp | Sun May 17 2020, 23:22:56 GMT+0530 (India Standard Time) | ...
 Info | IonicTopBar | runApp | Sun May 17 2020, 23:22:59 GMT+0530 (India Standard Time) | .
 Info | IonicTopBar | runApp | Sun May 17 2020, 23:22:59 GMT+0530 (India Standard Time) | ....
 Info | IonicTopBar | runApp | Sun May 17 2020, 23:23:00 GMT+0530 (India Standard Time) | .
 Info | IonicTopBar | runApp | Sun May 17 2020, 23:23:00 GMT+0530 (India Standard Time) | ........
 Info | IonicTopBar | runApp | Sun May 17 2020, 23:23:01 GMT+0530 (India Standard Time) | .
 Info | IonicTopBar | runApp | Sun May 17 2020, 23:23:01 GMT+0530 (India Standard Time) | .
 Info | IonicTopBar | runApp | Sun May 17 2020, 23:23:01 GMT+0530 (India Standard Time) | ..
 Info | IonicTopBar | runApp | Sun May 17 2020, 23:23:01 GMT+0530 (India Standard Time) | .
 Info | IonicTopBar | runApp | Sun May 17 2020, 23:23:01 GMT+0530 (India Standard Time) | .
 Info | IonicTopBar | runApp | Sun May 17 2020, 23:23:02 GMT+0530 (India Standard Time) | ..
 Info | IonicTopBar | runApp | Sun May 17 2020, 23:23:02 GMT+0530 (India Standard Time) | .
 Info | IonicTopBar | runApp | Sun May 17 2020, 23:23:02 GMT+0530 (India Standard Time) | .
 Info | IonicTopBar | runApp | Sun May 17 2020, 23:23:03 GMT+0530 (India Standard Time) | ..
 Info | IonicTopBar | runApp | Sun May 17 2020, 23:23:03 GMT+0530 (India Standard Time) | ..
 Info | IonicTopBar | runApp | Sun May 17 2020, 23:23:03 GMT+0530 (India Standard Time) | ..
 Info | IonicTopBar | runApp | Sun May 17 2020, 23:23:03 GMT+0530 (India Standard Time) | .
 Info | IonicTopBar | runApp | Sun May 17 2020, 23:23:04 GMT+0530 (India Standard Time) | .......
 Info | IonicTopBar | runApp | Sun May 17 2020, 23:23:04 GMT+0530 (India Standard Time) | ..
 Info | IonicTopBar | runApp | Sun May 17 2020, 23:23:05 GMT+0530 (India Standard Time) | ..
 Info | IonicTopBar | runApp | Sun May 17 2020, 23:23:06 GMT+0530 (India Standard Time) | .
 Info | IonicTopBar | runApp | Sun May 17 2020, 23:23:06 GMT+0530 (India Standard Time) | .
 Info | IonicTopBar | runApp | Sun May 17 2020, 23:23:06 GMT+0530 (India Standard Time) | ..
 Info | IonicTopBar | runApp | Sun May 17 2020, 23:23:06 GMT+0530 (India Standard Time) | .
 Info | IonicTopBar | runApp | Sun May 17 2020, 23:23:06 GMT+0530 (India Standard Time) | .
 Info | IonicTopBar | runApp | Sun May 17 2020, 23:23:07 GMT+0530 (India Standard Time) | .
 Info | IonicTopBar | runApp | Sun May 17 2020, 23:23:07 GMT+0530 (India Standard Time) | ....
 Info | IonicTopBar | runApp | Sun May 17 2020, 23:23:07 GMT+0530 (India Standard Time) | .....
 Info | IonicTopBar | runApp | Sun May 17 2020, 23:23:08 GMT+0530 (India Standard Time) | ....
 Info | IonicTopBar | runApp | Sun May 17 2020, 23:23:08 GMT+0530 (India Standard Time) | ..
 Info | IonicTopBar | runApp | Sun May 17 2020, 23:23:12 GMT+0530 (India Standard Time) | ....
 Info | IonicTopBar | runApp | Sun May 17 2020, 23:23:12 GMT+0530 (India Standard Time) | .
 Info | IonicTopBar | runApp | Sun May 17 2020, 23:23:12 GMT+0530 (India Standard Time) | ....
 Info | IonicTopBar | runApp | Sun May 17 2020, 23:23:12 GMT+0530 (India Standard Time) | .......
 Info | IonicTopBar | runApp | Sun May 17 2020, 23:23:13 GMT+0530 (India Standard Time) | .
 Info | IonicTopBar | runApp | Sun May 17 2020, 23:23:13 GMT+0530 (India Standard Time) | .
 Info | IonicTopBar | runApp | Sun May 17 2020, 23:23:16 GMT+0530 (India Standard Time) | .
 Info | IonicTopBar | runApp | Sun May 17 2020, 23:23:16 GMT+0530 (India Standard Time) | .........................................................
 Info | IonicTopBar | runApp | Sun May 17 2020, 23:23:19 GMT+0530 (India Standard Time) | ...
 Info | IonicTopBar | runApp | Sun May 17 2020, 23:23:21 GMT+0530 (India Standard Time) | .
 Info | IonicTopBar | runApp | Sun May 17 2020, 23:23:21 GMT+0530 (India Standard Time) | ........................
 Info | IonicTopBar | runApp | Sun May 17 2020, 23:23:21 GMT+0530 (India Standard Time) | .
 Info | IonicTopBar | runApp | Sun May 17 2020, 23:23:21 GMT+0530 (India Standard Time) | ...
 Info | IonicTopBar | runApp | Sun May 17 2020, 23:23:21 GMT+0530 (India Standard Time) | ..
 Info | IonicTopBar | runApp | Sun May 17 2020, 23:23:21 GMT+0530 (India Standard Time) | .
 Info | IonicTopBar | runApp | Sun May 17 2020, 23:23:21 GMT+0530 (India Standard Time) | .....
 Info | IonicTopBar | runApp | Sun May 17 2020, 23:23:22 GMT+0530 (India Standard Time) | .
 Info | IonicTopBar | runApp | Sun May 17 2020, 23:23:22 GMT+0530 (India Standard Time) | .
 Info | IonicTopBar | runApp | Sun May 17 2020, 23:23:23 GMT+0530 (India Standard Time) | ...
 Info | IonicTopBar | runApp | Sun May 17 2020, 23:23:23 GMT+0530 (India Standard Time) | ..........
 Info | IonicTopBar | runApp | Sun May 17 2020, 23:23:25 GMT+0530 (India Standard Time) | .
 Info | IonicTopBar | runApp | Sun May 17 2020, 23:23:25 GMT+0530 (India Standard Time) | ....
 Info | IonicTopBar | runApp | Sun May 17 2020, 23:23:27 GMT+0530 (India Standard Time) | .
 Info | IonicTopBar | runApp | Sun May 17 2020, 23:23:27 GMT+0530 (India Standard Time) | .......................
 Info | IonicTopBar | runApp | Sun May 17 2020, 23:23:27 GMT+0530 (India Standard Time) | .
 Info | IonicTopBar | runApp | Sun May 17 2020, 23:23:27 GMT+0530 (India Standard Time) | .
 Info | IonicTopBar | runApp | Sun May 17 2020, 23:23:27 GMT+0530 (India Standard Time) | ..
 Info | IonicTopBar | runApp | Sun May 17 2020, 23:23:27 GMT+0530 (India Standard Time) | ..
 Info | IonicTopBar | runApp | Sun May 17 2020, 23:23:27 GMT+0530 (India Standard Time) | .
 Info | IonicTopBar | runApp | Sun May 17 2020, 23:23:27 GMT+0530 (India Standard Time) | .
 Info | IonicTopBar | runApp | Sun May 17 2020, 23:23:28 GMT+0530 (India Standard Time) | .
 Info | IonicTopBar | runApp | Sun May 17 2020, 23:23:28 GMT+0530 (India Standard Time) | ..
 Info | IonicTopBar | runApp | Sun May 17 2020, 23:23:28 GMT+0530 (India Standard Time) | ..
 Info | IonicTopBar | runApp | Sun May 17 2020, 23:23:30 GMT+0530 (India Standard Time) | ...
 Info | IonicTopBar | runApp | Sun May 17 2020, 23:23:30 GMT+0530 (India Standard Time) | ..
 Info | IonicTopBar | runApp | Sun May 17 2020, 23:23:31 GMT+0530 (India Standard Time) | ..
 Info | IonicTopBar | runApp | Sun May 17 2020, 23:23:31 GMT+0530 (India Standard Time) | ....
 Info | IonicTopBar | runApp | Sun May 17 2020, 23:23:31 GMT+0530 (India Standard Time) | ...
 Info | IonicTopBar | runApp | Sun May 17 2020, 23:23:34 GMT+0530 (India Standard Time) | ...
 Info | IonicTopBar | runApp | Sun May 17 2020, 23:23:34 GMT+0530 (India Standard Time) | .....
 Info | IonicTopBar | runApp | Sun May 17 2020, 23:23:34 GMT+0530 (India Standard Time) | ..
 Info | IonicTopBar | runApp | Sun May 17 2020, 23:23:34 GMT+0530 (India Standard Time) | .
 Info | IonicTopBar | runApp | Sun May 17 2020, 23:23:34 GMT+0530 (India Standard Time) | ..
 Info | IonicTopBar | runApp | Sun May 17 2020, 23:23:34 GMT+0530 (India Standard Time) | .
 Info | IonicTopBar | runApp | Sun May 17 2020, 23:23:34 GMT+0530 (India Standard Time) | .
 Info | IonicTopBar | runApp | Sun May 17 2020, 23:23:35 GMT+0530 (India Standard Time) | ..
 Info | IonicTopBar | runApp | Sun May 17 2020, 23:23:35 GMT+0530 (India Standard Time) | ...
 Info | IonicTopBar | runApp | Sun May 17 2020, 23:23:35 GMT+0530 (India Standard Time) | ....
 Info | IonicTopBar | runApp | Sun May 17 2020, 23:23:35 GMT+0530 (India Standard Time) | ..
 Info | IonicTopBar | runApp | Sun May 17 2020, 23:23:35 GMT+0530 (India Standard Time) | ..
 Info | IonicTopBar | runApp | Sun May 17 2020, 23:23:35 GMT+0530 (India Standard Time) | .....
 Info | IonicTopBar | runApp | Sun May 17 2020, 23:23:35 GMT+0530 (India Standard Time) | ....
 Info | IonicTopBar | runApp | Sun May 17 2020, 23:23:35 GMT+0530 (India Standard Time) | ..
 Info | IonicTopBar | runApp | Sun May 17 2020, 23:23:35 GMT+0530 (India Standard Time) | .
 Info | IonicTopBar | runApp | Sun May 17 2020, 23:23:35 GMT+0530 (India Standard Time) | ...
 Info | IonicTopBar | runApp | Sun May 17 2020, 23:23:35 GMT+0530 (India Standard Time) | ...
 Info | IonicTopBar | runApp | Sun May 17 2020, 23:23:35 GMT+0530 (India Standard Time) | ......
 Info | IonicTopBar | runApp | Sun May 17 2020, 23:23:36 GMT+0530 (India Standard Time) | .
 Info | IonicTopBar | runApp | Sun May 17 2020, 23:23:36 GMT+0530 (India Standard Time) | ..
 Info | IonicTopBar | runApp | Sun May 17 2020, 23:23:36 GMT+0530 (India Standard Time) | .
 Info | IonicTopBar | runApp | Sun May 17 2020, 23:23:36 GMT+0530 (India Standard Time) | ....
 Info | IonicTopBar | runApp | Sun May 17 2020, 23:23:37 GMT+0530 (India Standard Time) | ..
 Info | IonicTopBar | runApp | Sun May 17 2020, 23:23:37 GMT+0530 (India Standard Time) | .
 Info | IonicTopBar | runApp | Sun May 17 2020, 23:23:37 GMT+0530 (India Standard Time) | ..
 Info | IonicTopBar | runApp | Sun May 17 2020, 23:23:38 GMT+0530 (India Standard Time) | .
 Info | IonicTopBar | runApp | Sun May 17 2020, 23:23:38 GMT+0530 (India Standard Time) | ...
 Info | IonicTopBar | runApp | Sun May 17 2020, 23:23:38 GMT+0530 (India Standard Time) | .
 Info | IonicTopBar | runApp | Sun May 17 2020, 23:23:38 GMT+0530 (India Standard Time) | ..
 Info | IonicTopBar | runApp | Sun May 17 2020, 23:23:38 GMT+0530 (India Standard Time) | .
 Info | IonicTopBar | runApp | Sun May 17 2020, 23:23:38 GMT+0530 (India Standard Time) | .
 Info | IonicTopBar | runApp | Sun May 17 2020, 23:23:40 GMT+0530 (India Standard Time) | .
 Info | IonicTopBar | runApp | Sun May 17 2020, 23:23:40 GMT+0530 (India Standard Time) | ................
 Info | IonicTopBar | runApp | Sun May 17 2020, 23:23:40 GMT+0530 (India Standard Time) | .
 Info | IonicTopBar | runApp | Sun May 17 2020, 23:23:40 GMT+0530 (India Standard Time) | .....
 Info | IonicTopBar | runApp | Sun May 17 2020, 23:23:40 GMT+0530 (India Standard Time) | ..
 Info | IonicTopBar | runApp | Sun May 17 2020, 23:23:40 GMT+0530 (India Standard Time) | .
 Info | IonicTopBar | runApp | Sun May 17 2020, 23:23:40 GMT+0530 (India Standard Time) | ..
 Info | IonicTopBar | runApp | Sun May 17 2020, 23:23:40 GMT+0530 (India Standard Time) | .
 Info | IonicTopBar | runApp | Sun May 17 2020, 23:23:40 GMT+0530 (India Standard Time) | .
 Info | IonicTopBar | runApp | Sun May 17 2020, 23:23:41 GMT+0530 (India Standard Time) | ....
 Info | IonicTopBar | runApp | Sun May 17 2020, 23:23:41 GMT+0530 (India Standard Time) | .
 Info | IonicTopBar | runApp | Sun May 17 2020, 23:23:41 GMT+0530 (India Standard Time) | ....
 Info | IonicTopBar | runApp | Sun May 17 2020, 23:23:41 GMT+0530 (India Standard Time) | ..
 Info | IonicTopBar | runApp | Sun May 17 2020, 23:23:42 GMT+0530 (India Standard Time) | .
 Info | IonicTopBar | runApp | Sun May 17 2020, 23:23:42 GMT+0530 (India Standard Time) | .
 Info | IonicTopBar | runApp | Sun May 17 2020, 23:23:42 GMT+0530 (India Standard Time) | ........
 Info | IonicTopBar | runApp | Sun May 17 2020, 23:23:42 GMT+0530 (India Standard Time) | ..
 Info | IonicTopBar | runApp | Sun May 17 2020, 23:23:42 GMT+0530 (India Standard Time) | .
 Info | IonicTopBar | runApp | Sun May 17 2020, 23:23:42 GMT+0530 (India Standard Time) | .
 Info | IonicTopBar | runApp | Sun May 17 2020, 23:23:42 GMT+0530 (India Standard Time) | ..
 Info | IonicTopBar | runApp | Sun May 17 2020, 23:23:42 GMT+0530 (India Standard Time) | ..
 Info | IonicTopBar | runApp | Sun May 17 2020, 23:23:42 GMT+0530 (India Standard Time) | ...
 Info | IonicTopBar | runApp | Sun May 17 2020, 23:23:42 GMT+0530 (India Standard Time) | ..
 Info | IonicTopBar | runApp | Sun May 17 2020, 23:23:42 GMT+0530 (India Standard Time) | ..
 Info | IonicTopBar | runApp | Sun May 17 2020, 23:23:42 GMT+0530 (India Standard Time) | .
 Info | IonicTopBar | runApp | Sun May 17 2020, 23:23:42 GMT+0530 (India Standard Time) | ..
 Info | IonicTopBar | runApp | Sun May 17 2020, 23:23:42 GMT+0530 (India Standard Time) | .
 Info | IonicTopBar | runApp | Sun May 17 2020, 23:23:42 GMT+0530 (India Standard Time) | .....
 Info | IonicTopBar | runApp | Sun May 17 2020, 23:23:42 GMT+0530 (India Standard Time) | ....
 Info | IonicTopBar | runApp | Sun May 17 2020, 23:23:43 GMT+0530 (India Standard Time) | ..
 Info | IonicTopBar | runApp | Sun May 17 2020, 23:23:43 GMT+0530 (India Standard Time) | .
 Info | IonicTopBar | runApp | Sun May 17 2020, 23:23:43 GMT+0530 (India Standard Time) | ..
 Info | IonicTopBar | runApp | Sun May 17 2020, 23:23:43 GMT+0530 (India Standard Time) | .
 Info | IonicTopBar | runApp | Sun May 17 2020, 23:23:43 GMT+0530 (India Standard Time) | ..
 Info | IonicTopBar | runApp | Sun May 17 2020, 23:23:43 GMT+0530 (India Standard Time) | ....
 Info | IonicTopBar | runApp | Sun May 17 2020, 23:23:44 GMT+0530 (India Standard Time) | .
 Info | IonicTopBar | runApp | Sun May 17 2020, 23:23:44 GMT+0530 (India Standard Time) | .............
 Info | IonicTopBar | runApp | Sun May 17 2020, 23:23:44 GMT+0530 (India Standard Time) | .
 Info | IonicTopBar | runApp | Sun May 17 2020, 23:23:44 GMT+0530 (India Standard Time) | .......
 Info | IonicTopBar | runApp | Sun May 17 2020, 23:23:44 GMT+0530 (India Standard Time) | ..
 Info | IonicTopBar | runApp | Sun May 17 2020, 23:23:44 GMT+0530 (India Standard Time) | .....
 Info | IonicTopBar | runApp | Sun May 17 2020, 23:23:44 GMT+0530 (India Standard Time) | ...........
 Info | IonicTopBar | runApp | Sun May 17 2020, 23:23:44 GMT+0530 (India Standard Time) | ...
 Info | IonicTopBar | runApp | Sun May 17 2020, 23:23:44 GMT+0530 (India Standard Time) | ........
 Info | IonicTopBar | runApp | Sun May 17 2020, 23:23:45 GMT+0530 (India Standard Time) | .....................
 Info | IonicTopBar | runApp | Sun May 17 2020, 23:23:45 GMT+0530 (India Standard Time) | ...
 Info | IonicTopBar | runApp | Sun May 17 2020, 23:23:45 GMT+0530 (India Standard Time) | ..................................................................
 Info | IonicTopBar | runApp | Sun May 17 2020, 23:23:45 GMT+0530 (India Standard Time) | .
 Info | IonicTopBar | runApp | Sun May 17 2020, 23:23:45 GMT+0530 (India Standard Time) | ..
 Info | IonicTopBar | runApp | Sun May 17 2020, 23:23:45 GMT+0530 (India Standard Time) | .................................
 Info | IonicTopBar | runApp | Sun May 17 2020, 23:23:45 GMT+0530 (India Standard Time) | .
 Info | IonicTopBar | runApp | Sun May 17 2020, 23:23:45 GMT+0530 (India Standard Time) | ...
 Info | IonicTopBar | runApp | Sun May 17 2020, 23:23:45 GMT+0530 (India Standard Time) | ..............
 Info | IonicTopBar | runApp | Sun May 17 2020, 23:23:45 GMT+0530 (India Standard Time) | .......................................................................................................................
 Info | IonicTopBar | runApp | Sun May 17 2020, 23:23:45 GMT+0530 (India Standard Time) | ...................
 Info | IonicTopBar | runApp | Sun May 17 2020, 23:23:45 GMT+0530 (India Standard Time) | ....................................................................
 Info | IonicTopBar | runApp | Sun May 17 2020, 23:23:45 GMT+0530 (India Standard Time) | .....
 Info | IonicTopBar | runApp | Sun May 17 2020, 23:23:45 GMT+0530 (India Standard Time) | ....
 Info | IonicTopBar | runApp | Sun May 17 2020, 23:23:45 GMT+0530 (India Standard Time) | .......
 Info | IonicTopBar | runApp | Sun May 17 2020, 23:23:45 GMT+0530 (India Standard Time) | ...
 Info | IonicTopBar | runApp | Sun May 17 2020, 23:23:46 GMT+0530 (India Standard Time) | .
 Info | IonicTopBar | runApp | Sun May 17 2020, 23:23:46 GMT+0530 (India Standard Time) | ....
 Info | IonicTopBar | runApp | Sun May 17 2020, 23:23:46 GMT+0530 (India Standard Time) | ..
 Info | IonicTopBar | runApp | Sun May 17 2020, 23:23:46 GMT+0530 (India Standard Time) | .
 Info | IonicTopBar | runApp | Sun May 17 2020, 23:23:46 GMT+0530 (India Standard Time) | ...................
 Info | IonicTopBar | runApp | Sun May 17 2020, 23:23:46 GMT+0530 (India Standard Time) | ....
 Info | IonicTopBar | runApp | Sun May 17 2020, 23:23:46 GMT+0530 (India Standard Time) | .........................................
 Info | IonicTopBar | runApp | Sun May 17 2020, 23:23:46 GMT+0530 (India Standard Time) | ................................................
 Info | IonicTopBar | runApp | Sun May 17 2020, 23:23:46 GMT+0530 (India Standard Time) | ................................................................................................................................
 Info | IonicTopBar | runApp | Sun May 17 2020, 23:23:46 GMT+0530 (India Standard Time) | .......................................................................
 Info | IonicTopBar | runApp | Sun May 17 2020, 23:23:46 GMT+0530 (India Standard Time) | ..
 Info | IonicTopBar | runApp | Sun May 17 2020, 23:23:46 GMT+0530 (India Standard Time) | ....
 Info | IonicTopBar | runApp | Sun May 17 2020, 23:23:46 GMT+0530 (India Standard Time) | ..
 Info | IonicTopBar | runApp | Sun May 17 2020, 23:23:46 GMT+0530 (India Standard Time) | .....
 Info | IonicTopBar | runApp | Sun May 17 2020, 23:23:46 GMT+0530 (India Standard Time) | ..
 Info | IonicTopBar | runApp | Sun May 17 2020, 23:23:46 GMT+0530 (India Standard Time) | .
 Info | IonicTopBar | runApp | Sun May 17 2020, 23:23:46 GMT+0530 (India Standard Time) | ........
 Info | IonicTopBar | runApp | Sun May 17 2020, 23:23:47 GMT+0530 (India Standard Time) | ..
 Info | IonicTopBar | runApp | Sun May 17 2020, 23:23:47 GMT+0530 (India Standard Time) | .........
 Info | IonicTopBar | runApp | Sun May 17 2020, 23:23:47 GMT+0530 (India Standard Time) | ..
 Info | IonicTopBar | runApp | Sun May 17 2020, 23:23:47 GMT+0530 (India Standard Time) | .....
 Info | IonicTopBar | runApp | Sun May 17 2020, 23:23:47 GMT+0530 (India Standard Time) | .
 Info | IonicTopBar | runApp | Sun May 17 2020, 23:23:47 GMT+0530 (India Standard Time) | .....
 Info | IonicTopBar | runApp | Sun May 17 2020, 23:23:47 GMT+0530 (India Standard Time) | .
 Info | IonicTopBar | runApp | Sun May 17 2020, 23:23:47 GMT+0530 (India Standard Time) | .......
 Info | IonicTopBar | runApp | Sun May 17 2020, 23:23:49 GMT+0530 (India Standard Time) | .
 Info | IonicTopBar | runApp | Sun May 17 2020, 23:23:49 GMT+0530 (India Standard Time) | .
 Info | IonicTopBar | runApp | Sun May 17 2020, 23:23:50 GMT+0530 (India Standard Time) | ..
 Info | IonicTopBar | runApp | Sun May 17 2020, 23:23:50 GMT+0530 (India Standard Time) | ......
 Info | IonicTopBar | runApp | Sun May 17 2020, 23:23:50 GMT+0530 (India Standard Time) | ...
 Info | IonicTopBar | runApp | Sun May 17 2020, 23:23:50 GMT+0530 (India Standard Time) | .......
 Info | IonicTopBar | runApp | Sun May 17 2020, 23:23:50 GMT+0530 (India Standard Time) | .......
 Info | IonicTopBar | runApp | Sun May 17 2020, 23:23:50 GMT+0530 (India Standard Time) | ..
 Info | IonicTopBar | runApp | Sun May 17 2020, 23:23:50 GMT+0530 (India Standard Time) | ..........
 Info | IonicTopBar | runApp | Sun May 17 2020, 23:23:50 GMT+0530 (India Standard Time) | ...................
 Info | IonicTopBar | runApp | Sun May 17 2020, 23:23:55 GMT+0530 (India Standard Time) | .
 Info | IonicTopBar | runApp | Sun May 17 2020, 23:23:55 GMT+0530 (India Standard Time) | ...
 Info | IonicTopBar | runApp | Sun May 17 2020, 23:23:56 GMT+0530 (India Standard Time) | .
 Info | IonicTopBar | runApp | Sun May 17 2020, 23:23:56 GMT+0530 (India Standard Time) | ...
 Info | IonicTopBar | runApp | Sun May 17 2020, 23:23:57 GMT+0530 (India Standard Time) | ..
 Info | IonicTopBar | runApp | Sun May 17 2020, 23:23:57 GMT+0530 (India Standard Time) | ....
 Info | IonicTopBar | runApp | Sun May 17 2020, 23:23:58 GMT+0530 (India Standard Time) | .
 Info | IonicTopBar | runApp | Sun May 17 2020, 23:23:58 GMT+0530 (India Standard Time) | .
 Info | IonicTopBar | runApp | Sun May 17 2020, 23:24:00 GMT+0530 (India Standard Time) | .
 Info | IonicTopBar | runApp | Sun May 17 2020, 23:24:00 GMT+0530 (India Standard Time) | .
 Info | IonicTopBar | runApp | Sun May 17 2020, 23:24:05 GMT+0530 (India Standard Time) | .
 Info | IonicTopBar | runApp | Sun May 17 2020, 23:24:05 GMT+0530 (India Standard Time) | .........
 Info | IonicTopBar | runApp | Sun May 17 2020, 23:24:07 GMT+0530 (India Standard Time) | .
 Info | IonicTopBar | runApp | Sun May 17 2020, 23:24:07 GMT+0530 (India Standard Time) | .........
 Info | IonicTopBar | runApp | Sun May 17 2020, 23:24:08 GMT+0530 (India Standard Time) | ..
 Info | IonicTopBar | runApp | Sun May 17 2020, 23:24:17 GMT+0530 (India Standard Time) | .
 Info | IonicTopBar | runApp | Sun May 17 2020, 23:24:17 GMT+0530 (India Standard Time) | .
 Info | IonicTopBar | runApp | Sun May 17 2020, 23:24:17 GMT+0530 (India Standard Time) | .
 Info | IonicTopBar | runApp | Sun May 17 2020, 23:24:17 GMT+0530 (India Standard Time) | ...
 Info | IonicTopBar | runApp | Sun May 17 2020, 23:24:17 GMT+0530 (India Standard Time) | ..
 Info | IonicTopBar | runApp | Sun May 17 2020, 23:24:17 GMT+0530 (India Standard Time) | .
 Info | IonicTopBar | runApp | Sun May 17 2020, 23:24:17 GMT+0530 (India Standard Time) | .
 Info | IonicTopBar | runApp | Sun May 17 2020, 23:24:17 GMT+0530 (India Standard Time) | .
 Info | IonicTopBar | runApp | Sun May 17 2020, 23:24:18 GMT+0530 (India Standard Time) | .
 Info | IonicTopBar | runApp | Sun May 17 2020, 23:24:18 GMT+0530 (India Standard Time) | ..
 Info | IonicTopBar | runApp | Sun May 17 2020, 23:24:18 GMT+0530 (India Standard Time) | .
 Info | IonicTopBar | runApp | Sun May 17 2020, 23:24:19 GMT+0530 (India Standard Time) | .
 Info | IonicTopBar | runApp | Sun May 17 2020, 23:24:19 GMT+0530 (India Standard Time) | ..
 Info | IonicTopBar | runApp | Sun May 17 2020, 23:24:19 GMT+0530 (India Standard Time) | ..
 Info | IonicTopBar | runApp | Sun May 17 2020, 23:24:19 GMT+0530 (India Standard Time) | .
 Info | IonicTopBar | runApp | Sun May 17 2020, 23:24:20 GMT+0530 (India Standard Time) | .
 Info | IonicTopBar | runApp | Sun May 17 2020, 23:24:20 GMT+0530 (India Standard Time) | .
 Info | IonicTopBar | runApp | Sun May 17 2020, 23:24:20 GMT+0530 (India Standard Time) | .
 Info | IonicTopBar | runApp | Sun May 17 2020, 23:24:20 GMT+0530 (India Standard Time) | ...
 Info | IonicTopBar | runApp | Sun May 17 2020, 23:24:20 GMT+0530 (India Standard Time) | .
 Info | IonicTopBar | runApp | Sun May 17 2020, 23:24:20 GMT+0530 (India Standard Time) | ...
 Info | IonicTopBar | runApp | Sun May 17 2020, 23:24:26 GMT+0530 (India Standard Time) | .
 Info | IonicTopBar | runApp | Sun May 17 2020, 23:24:26 GMT+0530 (India Standard Time) | .....
 Info | IonicTopBar | runApp | Sun May 17 2020, 23:24:26 GMT+0530 (India Standard Time) | .
 Info | IonicTopBar | runApp | Sun May 17 2020, 23:24:26 GMT+0530 (India Standard Time) | ...
 Info | IonicTopBar | runApp | Sun May 17 2020, 23:24:26 GMT+0530 (India Standard Time) | .......
 Info | IonicTopBar | runApp | Sun May 17 2020, 23:24:26 GMT+0530 (India Standard Time) | ..
 Info | IonicTopBar | runApp | Sun May 17 2020, 23:24:27 GMT+0530 (India Standard Time) | .
 Info | IonicTopBar | runApp | Sun May 17 2020, 23:24:27 GMT+0530 (India Standard Time) | ..............
 Info | IonicTopBar | runApp | Sun May 17 2020, 23:24:27 GMT+0530 (India Standard Time) | ..
 Info | IonicTopBar | runApp | Sun May 17 2020, 23:24:27 GMT+0530 (India Standard Time) | ......
 Info | IonicTopBar | runApp | Sun May 17 2020, 23:24:27 GMT+0530 (India Standard Time) | ............
 Info | IonicTopBar | runApp | Sun May 17 2020, 23:24:27 GMT+0530 (India Standard Time) | ...........
 Info | IonicTopBar | runApp | Sun May 17 2020, 23:24:29 GMT+0530 (India Standard Time) | .
 Info | IonicTopBar | runApp | Sun May 17 2020, 23:24:29 GMT+0530 (India Standard Time) | ....
 Info | IonicTopBar | runApp | Sun May 17 2020, 23:24:30 GMT+0530 (India Standard Time) | .
 Info | IonicTopBar | runApp | Sun May 17 2020, 23:24:30 GMT+0530 (India Standard Time) | .
 Info | IonicTopBar | runApp | Sun May 17 2020, 23:24:30 GMT+0530 (India Standard Time) | .
 Info | IonicTopBar | runApp | Sun May 17 2020, 23:24:30 GMT+0530 (India Standard Time) | .
 Info | IonicTopBar | runApp | Sun May 17 2020, 23:24:30 GMT+0530 (India Standard Time) | ..
 Info | IonicTopBar | runApp | Sun May 17 2020, 23:24:30 GMT+0530 (India Standard Time) | .
 Info | IonicTopBar | runApp | Sun May 17 2020, 23:24:30 GMT+0530 (India Standard Time) | 

 Info | IonicTopBar | runApp | Sun May 17 2020, 23:24:34 GMT+0530 (India Standard Time) | info Installing "/Users/afrinmehboobkatageri/Library/Developer/Xcode/DerivedData/rTabsDemo-cjhfpteqccberudqfnqiodcgdoin/Build/Products/Debug-iphonesimulator/rTabsDemo.app"

 Info | IonicTopBar | runApp | Sun May 17 2020, 23:24:36 GMT+0530 (India Standard Time) | info Launching "com.a"

 Error | IonicTopBar | runApp | Sun May 17 2020, 23:24:40 GMT+0530 (India Standard Time) | error Failed to launch the app on simulator, An error was encountered processing the command (domain=NSPOSIXErrorDomain, code=3):
Application launch for 'com.a' did not return a valid pid nor a launch error.
No such process


Error
    at http://localhost:1212/dist/renderer.dev.js:157325:28
    at validateData (http://localhost:1212/dist/renderer.dev.js:157282:10)
    at Object.error (http://localhost:1212/dist/renderer.dev.js:157322:5)
    at Socket.<anonymous> (http://localhost:1212/dist/renderer.dev.js:84634:31)
    at Socket.emit (events.js:208:15)
    at addChunk (_stream_readable.js:295:12)
    at readableAddChunk (_stream_readable.js:272:13)
    at Socket.Readable.push (_stream_readable.js:210:10)
    at Pipe.onStreamRead (internal/stream_base_commons.js:166:17)Success | IonicTopBar | runApp | Sun May 17 2020, 23:24:40 GMT+0530 (India Standard Time) | Check out your App on simulator
 Info | BuilderEditor | saveFile | Sun May 17 2020, 23:32:02 GMT+0530 (India Standard Time) | saved file /Users/afrinmehboobkatageri/Desktop/rTabsDemo/reactnative/rTabsDemo/src/pages/login/Login.js
 Info | BuilderEditor | saveFile | Sun May 17 2020, 23:32:17 GMT+0530 (India Standard Time) | saved file /Users/afrinmehboobkatageri/Desktop/rTabsDemo/reactnative/rTabsDemo/src/pages/login/LoginStyle.js
 Info | BuilderEditor | saveFile | Sun May 17 2020, 23:32:17 GMT+0530 (India Standard Time) | saved file /Users/afrinmehboobkatageri/Desktop/rTabsDemo/reactnative/rTabsDemo/src/pages/login/LoginStyle.js
 Info | BuilderEditor | saveFile | Sun May 17 2020, 23:32:17 GMT+0530 (India Standard Time) | saved file /Users/afrinmehboobkatageri/Desktop/rTabsDemo/reactnative/rTabsDemo/src/pages/login/LoginStyle.js
 Info | BuilderEditor | saveFile | Sun May 17 2020, 23:32:18 GMT+0530 (India Standard Time) | saved file /Users/afrinmehboobkatageri/Desktop/rTabsDemo/reactnative/rTabsDemo/src/pages/login/LoginStyle.js
 Info | BuilderEditor | saveFile | Sun May 17 2020, 23:32:32 GMT+0530 (India Standard Time) | saved file /Users/afrinmehboobkatageri/Desktop/rTabsDemo/reactnative/rTabsDemo/src/pages/login/Login.js
 Info | BuilderEditor | saveFile | Sun May 17 2020, 23:32:32 GMT+0530 (India Standard Time) | saved file /Users/afrinmehboobkatageri/Desktop/rTabsDemo/reactnative/rTabsDemo/src/pages/login/Login.js
 Info | BuilderEditor | saveFile | Sun May 17 2020, 23:32:32 GMT+0530 (India Standard Time) | saved file /Users/afrinmehboobkatageri/Desktop/rTabsDemo/reactnative/rTabsDemo/src/pages/login/Login.js
 Info | BuilderEditor | saveFile | Sun May 17 2020, 23:32:49 GMT+0530 (India Standard Time) | saved file /Users/afrinmehboobkatageri/Desktop/rTabsDemo/reactnative/rTabsDemo/src/AppNavigator.js
 Info | BuilderEditor | saveFile | Sun May 17 2020, 23:32:49 GMT+0530 (India Standard Time) | saved file /Users/afrinmehboobkatageri/Desktop/rTabsDemo/reactnative/rTabsDemo/src/AppNavigator.js
 Info | BuilderEditor | saveFile | Sun May 17 2020, 23:32:49 GMT+0530 (India Standard Time) | saved file /Users/afrinmehboobkatageri/Desktop/rTabsDemo/reactnative/rTabsDemo/src/AppNavigator.js
 Error | IonicTopBar | runApp | Sun May 17 2020, 23:32:54 GMT+0530 (India Standard Time) | error Could not find the following native modules: RNVectorIcons. Did you forget to run "pod install" ?

Error
    at http://localhost:1212/dist/renderer.dev.js:157325:28
    at validateData (http://localhost:1212/dist/renderer.dev.js:157282:10)
    at Object.error (http://localhost:1212/dist/renderer.dev.js:157322:5)
    at Socket.<anonymous> (http://localhost:1212/dist/renderer.dev.js:84634:31)
    at Socket.emit (events.js:208:15)
    at addChunk (_stream_readable.js:295:12)
    at readableAddChunk (_stream_readable.js:272:13)
    at Socket.Readable.push (_stream_readable.js:210:10)
    at Pipe.onStreamRead (internal/stream_base_commons.js:166:17) Info | IonicTopBar | runApp | Sun May 17 2020, 23:32:54 GMT+0530 (India Standard Time) | info Found Xcode workspace "rTabsDemo.xcworkspace"

 Info | IonicTopBar | runApp | Sun May 17 2020, 23:32:54 GMT+0530 (India Standard Time) | info Launching iPhone 11 (iOS 13.3)

 Info | IonicTopBar | runApp | Sun May 17 2020, 23:33:05 GMT+0530 (India Standard Time) | info Building (using "xcodebuild -workspace rTabsDemo.xcworkspace -configuration Debug -scheme rTabsDemo -destination id=159A6E50-51F4-494C-9401-1F74220B4DDA")

 Info | IonicTopBar | runApp | Sun May 17 2020, 23:33:12 GMT+0530 (India Standard Time) | .
 Info | IonicTopBar | runApp | Sun May 17 2020, 23:33:12 GMT+0530 (India Standard Time) | .
 Info | IonicTopBar | runApp | Sun May 17 2020, 23:33:12 GMT+0530 (India Standard Time) | .
 Info | IonicTopBar | runApp | Sun May 17 2020, 23:33:13 GMT+0530 (India Standard Time) | .
 Info | IonicTopBar | runApp | Sun May 17 2020, 23:33:13 GMT+0530 (India Standard Time) | .
 Info | IonicTopBar | runApp | Sun May 17 2020, 23:33:13 GMT+0530 (India Standard Time) | .
 Info | IonicTopBar | runApp | Sun May 17 2020, 23:33:13 GMT+0530 (India Standard Time) | .
 Info | IonicTopBar | runApp | Sun May 17 2020, 23:33:13 GMT+0530 (India Standard Time) | .....
 Info | IonicTopBar | runApp | Sun May 17 2020, 23:33:13 GMT+0530 (India Standard Time) | .........
 Info | IonicTopBar | runApp | Sun May 17 2020, 23:33:13 GMT+0530 (India Standard Time) | .
 Info | IonicTopBar | runApp | Sun May 17 2020, 23:33:13 GMT+0530 (India Standard Time) | .
 Info | IonicTopBar | runApp | Sun May 17 2020, 23:33:13 GMT+0530 (India Standard Time) | ..
 Info | IonicTopBar | runApp | Sun May 17 2020, 23:33:13 GMT+0530 (India Standard Time) | .
 Info | IonicTopBar | runApp | Sun May 17 2020, 23:33:13 GMT+0530 (India Standard Time) | ..
 Info | IonicTopBar | runApp | Sun May 17 2020, 23:33:13 GMT+0530 (India Standard Time) | .
 Info | IonicTopBar | runApp | Sun May 17 2020, 23:33:13 GMT+0530 (India Standard Time) | .
 Info | IonicTopBar | runApp | Sun May 17 2020, 23:33:13 GMT+0530 (India Standard Time) | 

 Info | IonicTopBar | runApp | Sun May 17 2020, 23:33:16 GMT+0530 (India Standard Time) | info Installing "/Users/afrinmehboobkatageri/Library/Developer/Xcode/DerivedData/rTabsDemo-cjhfpteqccberudqfnqiodcgdoin/Build/Products/Debug-iphonesimulator/rTabsDemo.app"

 Info | IonicTopBar | runApp | Sun May 17 2020, 23:33:19 GMT+0530 (India Standard Time) | info Launching "com.a"

 Info | IonicTopBar | runApp | Sun May 17 2020, 23:33:23 GMT+0530 (India Standard Time) | success Successfully launched the app on the simulator

Success | IonicTopBar | runApp | Sun May 17 2020, 23:33:23 GMT+0530 (India Standard Time) | Check out your App on simulator
 Error | IonicTopBar | runApp | Sun May 17 2020, 23:36:44 GMT+0530 (India Standard Time) | error Could not find the following native modules: RNVectorIcons. Did you forget to run "pod install" ?

Error
    at http://localhost:1212/dist/renderer.dev.js:157325:28
    at validateData (http://localhost:1212/dist/renderer.dev.js:157282:10)
    at Object.error (http://localhost:1212/dist/renderer.dev.js:157322:5)
    at Socket.<anonymous> (http://localhost:1212/dist/renderer.dev.js:84634:31)
    at Socket.emit (events.js:208:15)
    at addChunk (_stream_readable.js:295:12)
    at readableAddChunk (_stream_readable.js:272:13)
    at Socket.Readable.push (_stream_readable.js:210:10)
    at Pipe.onStreamRead (internal/stream_base_commons.js:166:17) Info | IonicTopBar | runApp | Sun May 17 2020, 23:36:44 GMT+0530 (India Standard Time) | info Found Xcode workspace "rTabsDemo.xcworkspace"

 Info | IonicTopBar | runApp | Sun May 17 2020, 23:36:44 GMT+0530 (India Standard Time) | info Launching iPhone 11 (iOS 13.3)

 Info | IonicTopBar | runApp | Sun May 17 2020, 23:36:53 GMT+0530 (India Standard Time) | info Building (using "xcodebuild -workspace rTabsDemo.xcworkspace -configuration Debug -scheme rTabsDemo -destination id=159A6E50-51F4-494C-9401-1F74220B4DDA")

 Info | IonicTopBar | runApp | Sun May 17 2020, 23:36:58 GMT+0530 (India Standard Time) | .
 Info | IonicTopBar | runApp | Sun May 17 2020, 23:36:58 GMT+0530 (India Standard Time) | .
 Info | IonicTopBar | runApp | Sun May 17 2020, 23:36:58 GMT+0530 (India Standard Time) | .
 Info | IonicTopBar | runApp | Sun May 17 2020, 23:36:59 GMT+0530 (India Standard Time) | .
 Info | IonicTopBar | runApp | Sun May 17 2020, 23:36:59 GMT+0530 (India Standard Time) | .
 Info | IonicTopBar | runApp | Sun May 17 2020, 23:36:59 GMT+0530 (India Standard Time) | .
 Info | IonicTopBar | runApp | Sun May 17 2020, 23:36:59 GMT+0530 (India Standard Time) | ........
 Info | IonicTopBar | runApp | Sun May 17 2020, 23:36:59 GMT+0530 (India Standard Time) | .
 Info | IonicTopBar | runApp | Sun May 17 2020, 23:36:59 GMT+0530 (India Standard Time) | 

 Info | IonicTopBar | runApp | Sun May 17 2020, 23:37:03 GMT+0530 (India Standard Time) | info Installing "/Users/afrinmehboobkatageri/Library/Developer/Xcode/DerivedData/rTabsDemo-cjhfpteqccberudqfnqiodcgdoin/Build/Products/Debug-iphonesimulator/rTabsDemo.app"

 Info | IonicTopBar | runApp | Sun May 17 2020, 23:37:05 GMT+0530 (India Standard Time) | info Launching "com.a"

 Info | IonicTopBar | runApp | Sun May 17 2020, 23:37:06 GMT+0530 (India Standard Time) | success Successfully launched the app on the simulator

Success | IonicTopBar | runApp | Sun May 17 2020, 23:37:06 GMT+0530 (India Standard Time) | Check out your App on simulator
 Info | BuilderEditor | saveFile | Sun May 17 2020, 23:38:24 GMT+0530 (India Standard Time) | saved file /Users/afrinmehboobkatageri/Desktop/rTabsDemo/reactnative/rTabsDemo/src/pages/login/LoginStyle.js
 Info | BuilderEditor | saveFile | Sun May 17 2020, 23:38:25 GMT+0530 (India Standard Time) | saved file /Users/afrinmehboobkatageri/Desktop/rTabsDemo/reactnative/rTabsDemo/src/pages/login/LoginStyle.js
 Info | BuilderEditor | saveFile | Sun May 17 2020, 23:38:25 GMT+0530 (India Standard Time) | saved file /Users/afrinmehboobkatageri/Desktop/rTabsDemo/reactnative/rTabsDemo/src/pages/login/LoginStyle.js
 Info | BuilderEditor | saveFile | Sun May 17 2020, 23:38:25 GMT+0530 (India Standard Time) | saved file /Users/afrinmehboobkatageri/Desktop/rTabsDemo/reactnative/rTabsDemo/src/pages/login/LoginStyle.js
 Info | BuilderEditor | saveFile | Sun May 17 2020, 23:38:25 GMT+0530 (India Standard Time) | saved file /Users/afrinmehboobkatageri/Desktop/rTabsDemo/reactnative/rTabsDemo/src/pages/login/LoginStyle.js
 Info | BuilderEditor | saveFile | Sun May 17 2020, 23:43:35 GMT+0530 (India Standard Time) | saved file /Users/afrinmehboobkatageri/Desktop/rTabsDemo/reactnative/rTabsDemo/src/pages/tab/Tab.js
 Info | BuilderEditor | saveFile | Sun May 17 2020, 23:43:35 GMT+0530 (India Standard Time) | saved file /Users/afrinmehboobkatageri/Desktop/rTabsDemo/reactnative/rTabsDemo/src/pages/tab/Tab.js
 Info | BuilderEditor | saveFile | Sun May 17 2020, 23:43:36 GMT+0530 (India Standard Time) | saved file /Users/afrinmehboobkatageri/Desktop/rTabsDemo/reactnative/rTabsDemo/src/pages/tab/Tab.js
 Info | BuilderEditor | saveFile | Sun May 17 2020, 23:44:02 GMT+0530 (India Standard Time) | saved file /Users/afrinmehboobkatageri/Desktop/rTabsDemo/reactnative/rTabsDemo/src/pages/tab/Tab.js
 Info | BuilderEditor | saveFile | Sun May 17 2020, 23:44:02 GMT+0530 (India Standard Time) | saved file /Users/afrinmehboobkatageri/Desktop/rTabsDemo/reactnative/rTabsDemo/src/pages/tab/Tab.js
 Info | BuilderEditor | saveFile | Sun May 17 2020, 23:44:02 GMT+0530 (India Standard Time) | saved file /Users/afrinmehboobkatageri/Desktop/rTabsDemo/reactnative/rTabsDemo/src/pages/tab/Tab.js
 Info | BuilderEditor | saveFile | Sun May 17 2020, 23:44:02 GMT+0530 (India Standard Time) | saved file /Users/afrinmehboobkatageri/Desktop/rTabsDemo/reactnative/rTabsDemo/src/pages/tab/Tab.js
 Info | BuilderEditor | saveFile | Sun May 17 2020, 23:44:30 GMT+0530 (India Standard Time) | saved file /Users/afrinmehboobkatageri/Desktop/rTabsDemo/reactnative/rTabsDemo/src/pages/tab/Tab.js
 Info | BuilderEditor | saveFile | Sun May 17 2020, 23:44:30 GMT+0530 (India Standard Time) | saved file /Users/afrinmehboobkatageri/Desktop/rTabsDemo/reactnative/rTabsDemo/src/pages/tab/Tab.js
 Info | BuilderEditor | saveFile | Sun May 17 2020, 23:44:31 GMT+0530 (India Standard Time) | saved file /Users/afrinmehboobkatageri/Desktop/rTabsDemo/reactnative/rTabsDemo/src/pages/tab/Tab.js
 Error | IonicTopBar | runApp | Sun May 17 2020, 23:46:19 GMT+0530 (India Standard Time) | error React Native CLI uses autolinking for native dependencies, but the following modules are linked manually: 
  - react-native-vector-icons (to unlink run: "react-native unlink react-native-vector-icons")
This is likely happening when upgrading React Native from below 0.60 to 0.60 or above. Going forward, you can unlink this dependency via "react-native unlink <dependency>" and it will be included in your app automatically. If a library isn't compatible with autolinking, disregard this message and notify the library maintainers.
Read more about autolinking: https://github.com/react-native-community/cli/blob/master/docs/autolinking.md

Error
    at http://localhost:1212/dist/renderer.dev.js:157325:28
    at validateData (http://localhost:1212/dist/renderer.dev.js:157282:10)
    at Object.error (http://localhost:1212/dist/renderer.dev.js:157322:5)
    at Socket.<anonymous> (http://localhost:1212/dist/renderer.dev.js:84634:31)
    at Socket.emit (events.js:208:15)
    at addChunk (_stream_readable.js:295:12)
    at readableAddChunk (_stream_readable.js:272:13)
    at Socket.Readable.push (_stream_readable.js:210:10)
    at Pipe.onStreamRead (internal/stream_base_commons.js:166:17) Error | IonicTopBar | runApp | Sun May 17 2020, 23:46:19 GMT+0530 (India Standard Time) | error Could not find the following native modules: RNVectorIcons. Did you forget to run "pod install" ?

Error
    at http://localhost:1212/dist/renderer.dev.js:157325:28
    at validateData (http://localhost:1212/dist/renderer.dev.js:157282:10)
    at Object.error (http://localhost:1212/dist/renderer.dev.js:157322:5)
    at Socket.<anonymous> (http://localhost:1212/dist/renderer.dev.js:84634:31)
    at Socket.emit (events.js:208:15)
    at addChunk (_stream_readable.js:295:12)
    at readableAddChunk (_stream_readable.js:272:13)
    at Socket.Readable.push (_stream_readable.js:210:10)
    at Pipe.onStreamRead (internal/stream_base_commons.js:166:17) Info | IonicTopBar | runApp | Sun May 17 2020, 23:46:19 GMT+0530 (India Standard Time) | info Found Xcode workspace "rTabsDemo.xcworkspace"

 Info | IonicTopBar | runApp | Sun May 17 2020, 23:46:20 GMT+0530 (India Standard Time) | info Launching iPhone 11 (iOS 13.3)

 Info | IonicTopBar | runApp | Sun May 17 2020, 23:46:28 GMT+0530 (India Standard Time) | info Building (using "xcodebuild -workspace rTabsDemo.xcworkspace -configuration Debug -scheme rTabsDemo -destination id=159A6E50-51F4-494C-9401-1F74220B4DDA")

 Info | IonicTopBar | runApp | Sun May 17 2020, 23:46:34 GMT+0530 (India Standard Time) | .
 Info | IonicTopBar | runApp | Sun May 17 2020, 23:46:34 GMT+0530 (India Standard Time) | .
 Info | IonicTopBar | runApp | Sun May 17 2020, 23:46:34 GMT+0530 (India Standard Time) | .
 Info | IonicTopBar | runApp | Sun May 17 2020, 23:46:35 GMT+0530 (India Standard Time) | .
 Info | IonicTopBar | runApp | Sun May 17 2020, 23:46:35 GMT+0530 (India Standard Time) | .
 Info | IonicTopBar | runApp | Sun May 17 2020, 23:46:35 GMT+0530 (India Standard Time) | .
 Info | IonicTopBar | runApp | Sun May 17 2020, 23:46:35 GMT+0530 (India Standard Time) | .
 Info | IonicTopBar | runApp | Sun May 17 2020, 23:46:35 GMT+0530 (India Standard Time) | .
 Info | IonicTopBar | runApp | Sun May 17 2020, 23:46:35 GMT+0530 (India Standard Time) | .
 Info | IonicTopBar | runApp | Sun May 17 2020, 23:46:35 GMT+0530 (India Standard Time) | .
 Info | IonicTopBar | runApp | Sun May 17 2020, 23:46:35 GMT+0530 (India Standard Time) | .
 Info | IonicTopBar | runApp | Sun May 17 2020, 23:46:35 GMT+0530 (India Standard Time) | .
 Info | IonicTopBar | runApp | Sun May 17 2020, 23:46:35 GMT+0530 (India Standard Time) | ...
 Info | IonicTopBar | runApp | Sun May 17 2020, 23:46:35 GMT+0530 (India Standard Time) | ..........
 Info | IonicTopBar | runApp | Sun May 17 2020, 23:46:35 GMT+0530 (India Standard Time) | ..
 Info | IonicTopBar | runApp | Sun May 17 2020, 23:46:37 GMT+0530 (India Standard Time) | .
 Info | IonicTopBar | runApp | Sun May 17 2020, 23:46:37 GMT+0530 (India Standard Time) | ........
 Info | IonicTopBar | runApp | Sun May 17 2020, 23:46:37 GMT+0530 (India Standard Time) | .
 Info | IonicTopBar | runApp | Sun May 17 2020, 23:46:38 GMT+0530 (India Standard Time) | 

 Info | IonicTopBar | runApp | Sun May 17 2020, 23:46:41 GMT+0530 (India Standard Time) | info Installing "/Users/afrinmehboobkatageri/Library/Developer/Xcode/DerivedData/rTabsDemo-cjhfpteqccberudqfnqiodcgdoin/Build/Products/Debug-iphonesimulator/rTabsDemo.app"

 Info | IonicTopBar | runApp | Sun May 17 2020, 23:46:44 GMT+0530 (India Standard Time) | info Launching "com.a"

 Info | IonicTopBar | runApp | Sun May 17 2020, 23:46:48 GMT+0530 (India Standard Time) | success Successfully launched the app on the simulator

Success | IonicTopBar | runApp | Sun May 17 2020, 23:46:48 GMT+0530 (India Standard Time) | Check out your App on simulator
 Info | BuilderEditor | saveFile | Sun May 17 2020, 23:47:34 GMT+0530 (India Standard Time) | saved file /Users/afrinmehboobkatageri/Desktop/rTabsDemo/reactnative/rTabsDemo/src/pages/tab/Tab.js
 Info | BuilderEditor | saveFile | Sun May 17 2020, 23:47:34 GMT+0530 (India Standard Time) | saved file /Users/afrinmehboobkatageri/Desktop/rTabsDemo/reactnative/rTabsDemo/src/pages/tab/Tab.js
 Info | BuilderEditor | saveFile | Sun May 17 2020, 23:47:35 GMT+0530 (India Standard Time) | saved file /Users/afrinmehboobkatageri/Desktop/rTabsDemo/reactnative/rTabsDemo/src/pages/tab/Tab.js
 Info | BuilderEditor | saveFile | Sun May 17 2020, 23:48:27 GMT+0530 (India Standard Time) | saved file /Users/afrinmehboobkatageri/Desktop/rTabsDemo/reactnative/rTabsDemo/src/pages/tab/Tab.js
 Info | BuilderEditor | saveFile | Sun May 17 2020, 23:48:27 GMT+0530 (India Standard Time) | saved file /Users/afrinmehboobkatageri/Desktop/rTabsDemo/reactnative/rTabsDemo/src/pages/tab/Tab.js
 Info | BuilderEditor | saveFile | Sun May 17 2020, 23:48:37 GMT+0530 (India Standard Time) | saved file /Users/afrinmehboobkatageri/Desktop/rTabsDemo/reactnative/rTabsDemo/src/pages/tab/Tab.js
 Info | BuilderEditor | saveFile | Sun May 17 2020, 23:48:37 GMT+0530 (India Standard Time) | saved file /Users/afrinmehboobkatageri/Desktop/rTabsDemo/reactnative/rTabsDemo/src/pages/tab/Tab.js
 Info | BuilderEditor | saveFile | Sun May 17 2020, 23:48:37 GMT+0530 (India Standard Time) | saved file /Users/afrinmehboobkatageri/Desktop/rTabsDemo/reactnative/rTabsDemo/src/pages/tab/Tab.js
 Info | BuilderEditor | saveFile | Sun May 17 2020, 23:48:37 GMT+0530 (India Standard Time) | saved file /Users/afrinmehboobkatageri/Desktop/rTabsDemo/reactnative/rTabsDemo/src/pages/tab/Tab.js
 Info | BuilderEditor | saveFile | Sun May 17 2020, 23:52:14 GMT+0530 (India Standard Time) | saved file /Users/afrinmehboobkatageri/Desktop/rTabsDemo/reactnative/rTabsDemo/src/pages/tab/Tab.js
 Info | BuilderEditor | saveFile | Sun May 17 2020, 23:52:14 GMT+0530 (India Standard Time) | saved file /Users/afrinmehboobkatageri/Desktop/rTabsDemo/reactnative/rTabsDemo/src/pages/tab/Tab.js
 Info | BuilderEditor | saveFile | Sun May 17 2020, 23:52:14 GMT+0530 (India Standard Time) | saved file /Users/afrinmehboobkatageri/Desktop/rTabsDemo/reactnative/rTabsDemo/src/pages/tab/Tab.js
 Info | BuilderEditor | saveFile | Sun May 17 2020, 23:52:14 GMT+0530 (India Standard Time) | saved file /Users/afrinmehboobkatageri/Desktop/rTabsDemo/reactnative/rTabsDemo/src/pages/tab/Tab.js
 Info | BuilderEditor | saveFile | Sun May 17 2020, 23:56:19 GMT+0530 (India Standard Time) | saved file /Users/afrinmehboobkatageri/Desktop/rTabsDemo/reactnative/rTabsDemo/src/pages/tab/Tab.js
 Info | BuilderEditor | saveFile | Sun May 17 2020, 23:56:19 GMT+0530 (India Standard Time) | saved file /Users/afrinmehboobkatageri/Desktop/rTabsDemo/reactnative/rTabsDemo/src/pages/tab/Tab.js
 Info | BuilderEditor | saveFile | Sun May 17 2020, 23:56:30 GMT+0530 (India Standard Time) | saved file /Users/afrinmehboobkatageri/Desktop/rTabsDemo/reactnative/rTabsDemo/src/pages/tab/Tab.js
 Info | BuilderEditor | saveFile | Sun May 17 2020, 23:56:30 GMT+0530 (India Standard Time) | saved file /Users/afrinmehboobkatageri/Desktop/rTabsDemo/reactnative/rTabsDemo/src/pages/tab/Tab.js
 Info | BuilderEditor | saveFile | Sun May 17 2020, 23:56:40 GMT+0530 (India Standard Time) | saved file /Users/afrinmehboobkatageri/Desktop/rTabsDemo/reactnative/rTabsDemo/src/pages/tab/Tab.js
 Info | BuilderEditor | saveFile | Sun May 17 2020, 23:56:40 GMT+0530 (India Standard Time) | saved file /Users/afrinmehboobkatageri/Desktop/rTabsDemo/reactnative/rTabsDemo/src/pages/tab/Tab.js
 Info | BuilderEditor | saveFile | Mon May 18 2020, 00:02:43 GMT+0530 (India Standard Time) | saved file /Users/afrinmehboobkatageri/Desktop/rTabsDemo/reactnative/rTabsDemo/src/pages/tab/Tab.js
 Info | BuilderEditor | saveFile | Mon May 18 2020, 00:02:44 GMT+0530 (India Standard Time) | saved file /Users/afrinmehboobkatageri/Desktop/rTabsDemo/reactnative/rTabsDemo/src/pages/tab/Tab.js
 Info | BuilderEditor | saveFile | Mon May 18 2020, 00:03:44 GMT+0530 (India Standard Time) | saved file /Users/afrinmehboobkatageri/Desktop/rTabsDemo/reactnative/rTabsDemo/src/pages/tab/Tab.js
 Info | BuilderEditor | saveFile | Mon May 18 2020, 00:03:44 GMT+0530 (India Standard Time) | saved file /Users/afrinmehboobkatageri/Desktop/rTabsDemo/reactnative/rTabsDemo/src/pages/tab/Tab.js
 Info | BuilderEditor | saveFile | Mon May 18 2020, 00:04:00 GMT+0530 (India Standard Time) | saved file /Users/afrinmehboobkatageri/Desktop/rTabsDemo/reactnative/rTabsDemo/src/pages/tab/Tab.js
 Info | BuilderEditor | saveFile | Mon May 18 2020, 00:04:00 GMT+0530 (India Standard Time) | saved file /Users/afrinmehboobkatageri/Desktop/rTabsDemo/reactnative/rTabsDemo/src/pages/tab/Tab.js
 Info | BuilderEditor | saveFile | Mon May 18 2020, 00:04:09 GMT+0530 (India Standard Time) | saved file /Users/afrinmehboobkatageri/Desktop/rTabsDemo/reactnative/rTabsDemo/src/pages/tab/Tab.js
 Info | BuilderEditor | saveFile | Mon May 18 2020, 00:04:09 GMT+0530 (India Standard Time) | saved file /Users/afrinmehboobkatageri/Desktop/rTabsDemo/reactnative/rTabsDemo/src/pages/tab/Tab.js
 Info | BuilderEditor | saveFile | Mon May 18 2020, 00:05:45 GMT+0530 (India Standard Time) | saved file /Users/afrinmehboobkatageri/Desktop/rTabsDemo/reactnative/rTabsDemo/src/pages/tab/Tab.js
 Info | BuilderEditor | saveFile | Mon May 18 2020, 00:05:45 GMT+0530 (India Standard Time) | saved file /Users/afrinmehboobkatageri/Desktop/rTabsDemo/reactnative/rTabsDemo/src/pages/tab/Tab.js
 Info | BuilderEditor | saveFile | Mon May 18 2020, 00:06:18 GMT+0530 (India Standard Time) | saved file /Users/afrinmehboobkatageri/Desktop/rTabsDemo/reactnative/rTabsDemo/src/pages/tab/Tab.js
 Info | BuilderEditor | saveFile | Mon May 18 2020, 00:06:18 GMT+0530 (India Standard Time) | saved file /Users/afrinmehboobkatageri/Desktop/rTabsDemo/reactnative/rTabsDemo/src/pages/tab/Tab.js
 Info | BuilderEditor | saveFile | Mon May 18 2020, 00:06:42 GMT+0530 (India Standard Time) | saved file /Users/afrinmehboobkatageri/Desktop/rTabsDemo/reactnative/rTabsDemo/src/pages/tab/Tab.js
 Info | BuilderEditor | saveFile | Mon May 18 2020, 00:06:42 GMT+0530 (India Standard Time) | saved file /Users/afrinmehboobkatageri/Desktop/rTabsDemo/reactnative/rTabsDemo/src/pages/tab/Tab.js
 Info | BuilderEditor | saveFile | Mon May 18 2020, 00:13:01 GMT+0530 (India Standard Time) | saved file /Users/afrinmehboobkatageri/Desktop/rTabsDemo/reactnative/rTabsDemo/src/pages/tab/Tab.js
 Info | BuilderEditor | saveFile | Mon May 18 2020, 00:13:02 GMT+0530 (India Standard Time) | saved file /Users/afrinmehboobkatageri/Desktop/rTabsDemo/reactnative/rTabsDemo/src/pages/tab/Tab.js
 Info | BuilderEditor | saveFile | Mon May 18 2020, 00:13:02 GMT+0530 (India Standard Time) | saved file /Users/afrinmehboobkatageri/Desktop/rTabsDemo/reactnative/rTabsDemo/src/pages/tab/Tab.js
 Info | BuilderEditor | saveFile | Mon May 18 2020, 00:13:02 GMT+0530 (India Standard Time) | saved file /Users/afrinmehboobkatageri/Desktop/rTabsDemo/reactnative/rTabsDemo/src/pages/tab/Tab.js
 Info | BuilderEditor | saveFile | Mon May 18 2020, 00:14:15 GMT+0530 (India Standard Time) | saved file /Users/afrinmehboobkatageri/Desktop/rTabsDemo/reactnative/rTabsDemo/src/pages/tab/Tab.js
 Info | BuilderEditor | saveFile | Mon May 18 2020, 00:14:15 GMT+0530 (India Standard Time) | saved file /Users/afrinmehboobkatageri/Desktop/rTabsDemo/reactnative/rTabsDemo/src/pages/tab/Tab.js
 Info | BuilderEditor | saveFile | Mon May 18 2020, 00:14:40 GMT+0530 (India Standard Time) | saved file /Users/afrinmehboobkatageri/Desktop/rTabsDemo/reactnative/rTabsDemo/src/pages/tab/Tab.js
 Info | BuilderEditor | saveFile | Mon May 18 2020, 00:14:40 GMT+0530 (India Standard Time) | saved file /Users/afrinmehboobkatageri/Desktop/rTabsDemo/reactnative/rTabsDemo/src/pages/tab/Tab.js
 Info | BuilderEditor | saveFile | Mon May 18 2020, 00:14:48 GMT+0530 (India Standard Time) | saved file /Users/afrinmehboobkatageri/Desktop/rTabsDemo/reactnative/rTabsDemo/src/pages/tab/Tab.js
 Info | BuilderEditor | saveFile | Mon May 18 2020, 00:14:48 GMT+0530 (India Standard Time) | saved file /Users/afrinmehboobkatageri/Desktop/rTabsDemo/reactnative/rTabsDemo/src/pages/tab/Tab.js
 Info | BuilderEditor | saveFile | Mon May 18 2020, 00:16:51 GMT+0530 (India Standard Time) | saved file /Users/afrinmehboobkatageri/Desktop/rTabsDemo/reactnative/rTabsDemo/src/pages/tab/Tab.js
 Info | BuilderEditor | saveFile | Mon May 18 2020, 00:16:51 GMT+0530 (India Standard Time) | saved file /Users/afrinmehboobkatageri/Desktop/rTabsDemo/reactnative/rTabsDemo/src/pages/tab/Tab.js
 Info | BuilderEditor | saveFile | Mon May 18 2020, 00:16:51 GMT+0530 (India Standard Time) | saved file /Users/afrinmehboobkatageri/Desktop/rTabsDemo/reactnative/rTabsDemo/src/pages/tab/Tab.js
 Info | BuilderEditor | saveFile | Mon May 18 2020, 00:17:34 GMT+0530 (India Standard Time) | saved file /Users/afrinmehboobkatageri/Desktop/rTabsDemo/reactnative/rTabsDemo/src/pages/tab/Tab.js
 Info | BuilderEditor | saveFile | Mon May 18 2020, 00:17:34 GMT+0530 (India Standard Time) | saved file /Users/afrinmehboobkatageri/Desktop/rTabsDemo/reactnative/rTabsDemo/src/pages/tab/Tab.js
 Info | BuilderEditor | saveFile | Mon May 18 2020, 00:17:57 GMT+0530 (India Standard Time) | saved file /Users/afrinmehboobkatageri/Desktop/rTabsDemo/reactnative/rTabsDemo/src/pages/tab/Tab.js
 Info | BuilderEditor | saveFile | Mon May 18 2020, 00:17:57 GMT+0530 (India Standard Time) | saved file /Users/afrinmehboobkatageri/Desktop/rTabsDemo/reactnative/rTabsDemo/src/pages/tab/Tab.js
 Info | BuilderEditor | saveFile | Mon May 18 2020, 00:18:46 GMT+0530 (India Standard Time) | saved file /Users/afrinmehboobkatageri/Desktop/rTabsDemo/reactnative/rTabsDemo/src/pages/tab/Tab.js
 Info | BuilderEditor | saveFile | Mon May 18 2020, 00:18:47 GMT+0530 (India Standard Time) | saved file /Users/afrinmehboobkatageri/Desktop/rTabsDemo/reactnative/rTabsDemo/src/pages/tab/Tab.js
 Info | BuilderEditor | saveFile | Mon May 18 2020, 00:19:00 GMT+0530 (India Standard Time) | saved file /Users/afrinmehboobkatageri/Desktop/rTabsDemo/reactnative/rTabsDemo/src/pages/tab/Tab.js
 Info | BuilderEditor | saveFile | Mon May 18 2020, 00:19:00 GMT+0530 (India Standard Time) | saved file /Users/afrinmehboobkatageri/Desktop/rTabsDemo/reactnative/rTabsDemo/src/pages/tab/Tab.js
 Info | BuilderEditor | saveFile | Mon May 18 2020, 00:19:41 GMT+0530 (India Standard Time) | saved file /Users/afrinmehboobkatageri/Desktop/rTabsDemo/reactnative/rTabsDemo/src/pages/tab/Tab.js
 Info | BuilderEditor | saveFile | Mon May 18 2020, 00:19:41 GMT+0530 (India Standard Time) | saved file /Users/afrinmehboobkatageri/Desktop/rTabsDemo/reactnative/rTabsDemo/src/pages/tab/Tab.js
 Info | BuilderEditor | saveFile | Mon May 18 2020, 00:19:41 GMT+0530 (India Standard Time) | saved file /Users/afrinmehboobkatageri/Desktop/rTabsDemo/reactnative/rTabsDemo/src/pages/tab/Tab.js
 Info | BuilderEditor | saveFile | Mon May 18 2020, 00:20:49 GMT+0530 (India Standard Time) | saved file /Users/afrinmehboobkatageri/Desktop/rTabsDemo/reactnative/rTabsDemo/src/pages/home/Home.js
 Info | BuilderEditor | saveFile | Mon May 18 2020, 00:20:49 GMT+0530 (India Standard Time) | saved file /Users/afrinmehboobkatageri/Desktop/rTabsDemo/reactnative/rTabsDemo/src/pages/home/Home.js
 Info | BuilderEditor | saveFile | Mon May 18 2020, 00:20:54 GMT+0530 (India Standard Time) | saved file /Users/afrinmehboobkatageri/Desktop/rTabsDemo/reactnative/rTabsDemo/src/pages/home/Home.js
 Info | BuilderEditor | saveFile | Mon May 18 2020, 00:20:55 GMT+0530 (India Standard Time) | saved file /Users/afrinmehboobkatageri/Desktop/rTabsDemo/reactnative/rTabsDemo/src/pages/home/Home.js
